<?xml version="1.0" encoding="utf-8"?><testsuites name="pytest tests"><testsuite name="pytest" errors="0" failures="0" skipped="0" tests="16" time="1.830" timestamp="2026-06-11T09:55:47.479659+00:00" hostname="agent-env-d72d05ca-ea4b-4498-976f-6caeb9f19671"><testcase classname="backend.tests.test_poda_api" name="test_list_products" time="0.243" /><testcase classname="backend.tests.test_poda_api" name="test_get_product_detail" time="0.048" /><testcase classname="backend.tests.test_poda_api" name="test_get_product_404" time="0.044" /><testcase classname="backend.tests.test_poda_api" name="test_progress_list" time="0.050" /><testcase classname="backend.tests.test_poda_api" name="test_checkout_invalid_product" time="0.050" /><testcase classname="backend.tests.test_poda_api" name="test_checkout_invalid_size" time="0.049" /><testcase classname="backend.tests.test_poda_api" name="test_checkout_invalid_color" time="0.046" /><testcase classname="backend.tests.test_poda_api" name="test_checkout_valid_returns_url" time="0.586" /><testcase classname="backend.tests.test_poda_api" name="test_order_status_unpaid" time="0.263" /><testcase classname="backend.tests.test_poda_api" name="test_admin_login_bad" time="0.045" /><testcase classname="backend.tests.test_poda_api" name="test_admin_login_good" time="0.045" /><testcase classname="backend.tests.test_poda_api" name="test_admin_orders_unauth" time="0.057" /><testcase classname="backend.tests.test_poda_api" name="test_admin_orders_auth" time="0.046" /><testcase classname="backend.tests.test_poda_api" name="test_admin_stats" time="0.060" /><testcase classname="backend.tests.test_poda_api" name="test_admin_ship_unauth" time="0.048" /><testcase classname="backend.tests.test_poda_api" name="test_admin_ship_auth" time="0.047" /></testsuite></testsuites>