<?xml version="1.0" encoding="utf-8"?><testsuites name="pytest tests"><testsuite name="pytest" errors="0" failures="0" skipped="0" tests="21" time="2.733" timestamp="2026-06-12T07:43:10.231881+00:00" hostname="agent-env-d72d05ca-ea4b-4498-976f-6caeb9f19671"><testcase classname="backend.tests.test_poda_api" name="test_list_products" time="0.210" /><testcase classname="backend.tests.test_poda_api" name="test_progress_global" time="0.045" /><testcase classname="backend.tests.test_poda_api" name="test_branding_public_defaults" time="0.081" /><testcase classname="backend.tests.test_poda_api" name="test_checkout_empty_cart" time="0.084" /><testcase classname="backend.tests.test_poda_api" name="test_checkout_invalid_product" time="0.042" /><testcase classname="backend.tests.test_poda_api" name="test_checkout_invalid_size" time="0.081" /><testcase classname="backend.tests.test_poda_api" name="test_checkout_invalid_color" time="0.043" /><testcase classname="backend.tests.test_poda_api" name="test_checkout_invalid_quantity" time="0.042" /><testcase classname="backend.tests.test_poda_api" name="test_checkout_returns_stripe_url" time="0.617" /><testcase classname="backend.tests.test_poda_api" name="test_order_status_has_items_array" time="0.363" /><testcase classname="backend.tests.test_poda_api" name="test_admin_login_bad" time="0.081" /><testcase classname="backend.tests.test_poda_api" name="test_admin_login_good" time="0.040" /><testcase classname="backend.tests.test_poda_api" name="test_admin_stats_v2" time="0.087" /><testcase classname="backend.tests.test_poda_api" name="test_admin_ship_by_batch_number_unauth" time="0.041" /><testcase classname="backend.tests.test_poda_api" name="test_admin_ship_by_batch_number_auth" time="0.082" /><testcase classname="backend.tests.test_poda_api" name="test_branding_unauth" time="0.043" /><testcase classname="backend.tests.test_poda_api" name="test_branding_wrong_password" time="0.081" /><testcase classname="backend.tests.test_poda_api" name="test_branding_upload_logo_and_name" time="0.175" /><testcase classname="backend.tests.test_poda_api" name="test_branding_too_large" time="0.197" /><testcase classname="backend.tests.test_poda_api" name="test_branding_delete_logo" time="0.126" /><testcase classname="backend.tests.test_poda_api" name="test_branding_reset_name" time="0.083" /></testsuite></testsuites>